Analysis & Synthesis report for Timer
Sat Sep 27 09:42:34 2014
Quartus II 32-bit Version 13.0.1 Build 232 06/12/2013 Service Pack 1 SJ Web Edition


---------------------
; Table of Contents ;
---------------------
  1. Legal Notice
  2. Analysis & Synthesis Summary
  3. Analysis & Synthesis Settings
  4. Analysis & Synthesis Source Files Read
  5. Analysis & Synthesis Resource Usage Summary
  6. Analysis & Synthesis Resource Utilization by Entity
  7. General Register Statistics
  8. Multiplexer Restructuring Statistics (Restructuring Performed)
  9. Parameter Settings for User Entity Instance: Top-level Entity: |TimerController
 10. Elapsed Time Per Partition
 11. Analysis & Synthesis Messages
 12. Analysis & Synthesis Suppressed Messages



----------------
; Legal Notice ;
----------------
Copyright (C) 1991-2013 Altera Corporation
Your use of Altera Corporation's design tools, logic functions 
and other software and tools, and its AMPP partner logic 
functions, and any output files from any of the foregoing 
(including device programming or simulation files), and any 
associated documentation or information are expressly subject 
to the terms and conditions of the Altera Program License 
Subscription Agreement, Altera MegaCore Function License 
Agreement, or other applicable license agreement, including, 
without limitation, that your use is for the sole purpose of 
programming logic devices manufactured by Altera and sold by 
Altera or its authorized distributors.  Please refer to the 
applicable agreement for further details.



+--------------------------------------------------------------------------------------+
; Analysis & Synthesis Summary                                                         ;
+------------------------------------+-------------------------------------------------+
; Analysis & Synthesis Status        ; Successful - Sat Sep 27 09:42:34 2014           ;
; Quartus II 32-bit Version          ; 13.0.1 Build 232 06/12/2013 SP 1 SJ Web Edition ;
; Revision Name                      ; Timer                                           ;
; Top-level Entity Name              ; TimerController                                 ;
; Family                             ; Cyclone II                                      ;
; Total logic elements               ; 174                                             ;
;     Total combinational functions  ; 174                                             ;
;     Dedicated logic registers      ; 53                                              ;
; Total registers                    ; 53                                              ;
; Total pins                         ; 61                                              ;
; Total virtual pins                 ; 0                                               ;
; Total memory bits                  ; 0                                               ;
; Embedded Multiplier 9-bit elements ; 0                                               ;
; Total PLLs                         ; 0                                               ;
+------------------------------------+-------------------------------------------------+


+----------------------------------------------------------------------------------------------------------------------+
; Analysis & Synthesis Settings                                                                                        ;
+----------------------------------------------------------------------------+--------------------+--------------------+
; Option                                                                     ; Setting            ; Default Value      ;
+----------------------------------------------------------------------------+--------------------+--------------------+
; Device                                                                     ; EP2C20F484C7       ;                    ;
; Top-level entity name                                                      ; TimerController    ; Timer              ;
; Family name                                                                ; Cyclone II         ; Cyclone IV GX      ;
; Use smart compilation                                                      ; Off                ; Off                ;
; Enable parallel Assembler and TimeQuest Timing Analyzer during compilation ; On                 ; On                 ;
; Enable compact report table                                                ; Off                ; Off                ;
; Restructure Multiplexers                                                   ; Auto               ; Auto               ;
; Create Debugging Nodes for IP Cores                                        ; Off                ; Off                ;
; Preserve fewer node names                                                  ; On                 ; On                 ;
; Disable OpenCore Plus hardware evaluation                                  ; Off                ; Off                ;
; Verilog Version                                                            ; Verilog_2001       ; Verilog_2001       ;
; VHDL Version                                                               ; VHDL_1993          ; VHDL_1993          ;
; State Machine Processing                                                   ; Auto               ; Auto               ;
; Safe State Machine                                                         ; Off                ; Off                ;
; Extract Verilog State Machines                                             ; On                 ; On                 ;
; Extract VHDL State Machines                                                ; On                 ; On                 ;
; Ignore Verilog initial constructs                                          ; Off                ; Off                ;
; Iteration limit for constant Verilog loops                                 ; 5000               ; 5000               ;
; Iteration limit for non-constant Verilog loops                             ; 250                ; 250                ;
; Add Pass-Through Logic to Inferred RAMs                                    ; On                 ; On                 ;
; Infer RAMs from Raw Logic                                                  ; On                 ; On                 ;
; Parallel Synthesis                                                         ; On                 ; On                 ;
; DSP Block Balancing                                                        ; Auto               ; Auto               ;
; NOT Gate Push-Back                                                         ; On                 ; On                 ;
; Power-Up Don't Care                                                        ; On                 ; On                 ;
; Remove Redundant Logic Cells                                               ; Off                ; Off                ;
; Remove Duplicate Registers                                                 ; On                 ; On                 ;
; Ignore CARRY Buffers                                                       ; Off                ; Off                ;
; Ignore CASCADE Buffers                                                     ; Off                ; Off                ;
; Ignore GLOBAL Buffers                                                      ; Off                ; Off                ;
; Ignore ROW GLOBAL Buffers                                                  ; Off                ; Off                ;
; Ignore LCELL Buffers                                                       ; Off                ; Off                ;
; Ignore SOFT Buffers                                                        ; On                 ; On                 ;
; Limit AHDL Integers to 32 Bits                                             ; Off                ; Off                ;
; Optimization Technique                                                     ; Balanced           ; Balanced           ;
; Carry Chain Length                                                         ; 70                 ; 70                 ;
; Auto Carry Chains                                                          ; On                 ; On                 ;
; Auto Open-Drain Pins                                                       ; On                 ; On                 ;
; Perform WYSIWYG Primitive Resynthesis                                      ; Off                ; Off                ;
; Auto ROM Replacement                                                       ; On                 ; On                 ;
; Auto RAM Replacement                                                       ; On                 ; On                 ;
; Auto Shift Register Replacement                                            ; Auto               ; Auto               ;
; Allow Shift Register Merging across Hierarchies                            ; Auto               ; Auto               ;
; Auto Clock Enable Replacement                                              ; On                 ; On                 ;
; Strict RAM Replacement                                                     ; Off                ; Off                ;
; Allow Synchronous Control Signals                                          ; On                 ; On                 ;
; Force Use of Synchronous Clear Signals                                     ; Off                ; Off                ;
; Auto RAM to Logic Cell Conversion                                          ; Off                ; Off                ;
; Auto Resource Sharing                                                      ; Off                ; Off                ;
; Allow Any RAM Size For Recognition                                         ; Off                ; Off                ;
; Allow Any ROM Size For Recognition                                         ; Off                ; Off                ;
; Allow Any Shift Register Size For Recognition                              ; Off                ; Off                ;
; Use LogicLock Constraints during Resource Balancing                        ; On                 ; On                 ;
; Ignore translate_off and synthesis_off directives                          ; Off                ; Off                ;
; Timing-Driven Synthesis                                                    ; Off                ; Off                ;
; Report Parameter Settings                                                  ; On                 ; On                 ;
; Report Source Assignments                                                  ; On                 ; On                 ;
; Report Connectivity Checks                                                 ; On                 ; On                 ;
; Ignore Maximum Fan-Out Assignments                                         ; Off                ; Off                ;
; Synchronization Register Chain Length                                      ; 2                  ; 2                  ;
; PowerPlay Power Optimization                                               ; Normal compilation ; Normal compilation ;
; HDL message level                                                          ; Level2             ; Level2             ;
; Suppress Register Optimization Related Messages                            ; Off                ; Off                ;
; Number of Removed Registers Reported in Synthesis Report                   ; 5000               ; 5000               ;
; Number of Swept Nodes Reported in Synthesis Report                         ; 5000               ; 5000               ;
; Number of Inverted Registers Reported in Synthesis Report                  ; 100                ; 100                ;
; Clock MUX Protection                                                       ; On                 ; On                 ;
; Auto Gated Clock Conversion                                                ; Off                ; Off                ;
; Block Design Naming                                                        ; Auto               ; Auto               ;
; SDC constraint protection                                                  ; Off                ; Off                ;
; Synthesis Effort                                                           ; Auto               ; Auto               ;
; Shift Register Replacement - Allow Asynchronous Clear Signal               ; On                 ; On                 ;
; Pre-Mapping Resynthesis Optimization                                       ; Off                ; Off                ;
; Analysis & Synthesis Message Level                                         ; Medium             ; Medium             ;
; Disable Register Merging Across Hierarchies                                ; Auto               ; Auto               ;
; Resource Aware Inference For Block RAM                                     ; On                 ; On                 ;
; Synthesis Seed                                                             ; 1                  ; 1                  ;
+----------------------------------------------------------------------------+--------------------+--------------------+


+-----------------------------------------------------------------------------------------------------------------------------+
; Analysis & Synthesis Source Files Read                                                                                      ;
+----------------------------------+-----------------+------------------------+-------------------------------------+---------+
; File Name with User-Entered Path ; Used in Netlist ; File Type              ; File Name with Absolute Path        ; Library ;
+----------------------------------+-----------------+------------------------+-------------------------------------+---------+
; TimerController.v                ; yes             ; User Verilog HDL File  ; D:/projects/Timer/TimerController.v ;         ;
+----------------------------------+-----------------+------------------------+-------------------------------------+---------+


+--------------------------------------------------------+
; Analysis & Synthesis Resource Usage Summary            ;
+---------------------------------------------+----------+
; Resource                                    ; Usage    ;
+---------------------------------------------+----------+
; Estimated Total logic elements              ; 174      ;
;                                             ;          ;
; Total combinational functions               ; 174      ;
; Logic element usage by number of LUT inputs ;          ;
;     -- 4 input functions                    ; 106      ;
;     -- 3 input functions                    ; 28       ;
;     -- <=2 input functions                  ; 40       ;
;                                             ;          ;
; Logic elements by mode                      ;          ;
;     -- normal mode                          ; 143      ;
;     -- arithmetic mode                      ; 31       ;
;                                             ;          ;
; Total registers                             ; 53       ;
;     -- Dedicated logic registers            ; 53       ;
;     -- I/O registers                        ; 0        ;
;                                             ;          ;
; I/O pins                                    ; 61       ;
; Embedded Multiplier 9-bit elements          ; 0        ;
; Maximum fan-out node                        ; CLOCK_50 ;
; Maximum fan-out                             ; 51       ;
; Total fan-out                               ; 806      ;
; Average fan-out                             ; 2.80     ;
+---------------------------------------------+----------+


+--------------------------------------------------------------------------------------------------------------------------------------------------------------------------------------------------------+
; Analysis & Synthesis Resource Utilization by Entity                                                                                                                                                    ;
+--------------------------------+-------------------+--------------+-------------+--------------+---------+-----------+------+--------------+--------------------------------------------+--------------+
; Compilation Hierarchy Node     ; LC Combinationals ; LC Registers ; Memory Bits ; DSP Elements ; DSP 9x9 ; DSP 18x18 ; Pins ; Virtual Pins ; Full Hierarchy Name                        ; Library Name ;
+--------------------------------+-------------------+--------------+-------------+--------------+---------+-----------+------+--------------+--------------------------------------------+--------------+
; |TimerController               ; 174 (140)         ; 53 (51)      ; 0           ; 0            ; 0       ; 0         ; 61   ; 0            ; |TimerController                           ; work         ;
;    |TFlipFlop:move_to_minutes| ; 1 (1)             ; 1 (1)        ; 0           ; 0            ; 0       ; 0         ; 0    ; 0            ; |TimerController|TFlipFlop:move_to_minutes ; work         ;
;    |TFlipFlop:start_stop|      ; 1 (1)             ; 1 (1)        ; 0           ; 0            ; 0       ; 0         ; 0    ; 0            ; |TimerController|TFlipFlop:start_stop      ; work         ;
;    |dec2_7seg:u0|              ; 8 (8)             ; 0 (0)        ; 0           ; 0            ; 0       ; 0         ; 0    ; 0            ; |TimerController|dec2_7seg:u0              ; work         ;
;    |dec2_7seg:u1|              ; 8 (8)             ; 0 (0)        ; 0           ; 0            ; 0       ; 0         ; 0    ; 0            ; |TimerController|dec2_7seg:u1              ; work         ;
;    |dec2_7seg:u2|              ; 8 (8)             ; 0 (0)        ; 0           ; 0            ; 0       ; 0         ; 0    ; 0            ; |TimerController|dec2_7seg:u2              ; work         ;
;    |dec2_7seg:u3|              ; 8 (8)             ; 0 (0)        ; 0           ; 0            ; 0       ; 0         ; 0    ; 0            ; |TimerController|dec2_7seg:u3              ; work         ;
+--------------------------------+-------------------+--------------+-------------+--------------+---------+-----------+------+--------------+--------------------------------------------+--------------+
Note: For table entries with two numbers listed, the numbers in parentheses indicate the number of resources of the given type used by the specific entity alone. The numbers listed outside of parentheses indicate the total resources of the given type used by the specific entity and all of its sub-entities in the hierarchy.


+------------------------------------------------------+
; General Register Statistics                          ;
+----------------------------------------------+-------+
; Statistic                                    ; Value ;
+----------------------------------------------+-------+
; Total registers                              ; 53    ;
; Number of registers using Synchronous Clear  ; 32    ;
; Number of registers using Synchronous Load   ; 2     ;
; Number of registers using Asynchronous Clear ; 2     ;
; Number of registers using Asynchronous Load  ; 0     ;
; Number of registers using Clock Enable       ; 36    ;
; Number of registers using Preset             ; 0     ;
+----------------------------------------------+-------+


+--------------------------------------------------------------------------------------------------------------------------------------------------------+
; Multiplexer Restructuring Statistics (Restructuring Performed)                                                                                         ;
+--------------------+-----------+---------------+----------------------+------------------------+------------+------------------------------------------+
; Multiplexer Inputs ; Bus Width ; Baseline Area ; Area if Restructured ; Saving if Restructured ; Registered ; Example Multiplexer Output               ;
+--------------------+-----------+---------------+----------------------+------------------------+------------+------------------------------------------+
; 7:1                ; 32 bits   ; 128 LEs       ; 32 LEs               ; 96 LEs                 ; Yes        ; |TimerController|clk_counter[2]          ;
; 5:1                ; 4 bits    ; 12 LEs        ; 8 LEs                ; 4 LEs                  ; Yes        ; |TimerController|one_second_counter[2]   ;
; 5:1                ; 4 bits    ; 12 LEs        ; 8 LEs                ; 4 LEs                  ; Yes        ; |TimerController|ten_second_counter[2]   ;
; 5:1                ; 4 bits    ; 12 LEs        ; 8 LEs                ; 4 LEs                  ; Yes        ; |TimerController|one_minute_counter[0]   ;
; 4:1                ; 4 bits    ; 8 LEs         ; 8 LEs                ; 0 LEs                  ; Yes        ; |TimerController|ten_minute_counter[1]   ;
; 9:1                ; 3 bits    ; 18 LEs        ; 15 LEs               ; 3 LEs                  ; Yes        ; |TimerController|state[0]                ;
; 5:1                ; 3 bits    ; 9 LEs         ; 6 LEs                ; 3 LEs                  ; No         ; |TimerController|dec2_7seg:u0|display[6] ;
; 5:1                ; 3 bits    ; 9 LEs         ; 6 LEs                ; 3 LEs                  ; No         ; |TimerController|dec2_7seg:u1|display[5] ;
; 5:1                ; 3 bits    ; 9 LEs         ; 6 LEs                ; 3 LEs                  ; No         ; |TimerController|dec2_7seg:u2|display[6] ;
; 5:1                ; 3 bits    ; 9 LEs         ; 6 LEs                ; 3 LEs                  ; No         ; |TimerController|dec2_7seg:u3|display[0] ;
+--------------------+-----------+---------------+----------------------+------------------------+------------+------------------------------------------+


+---------------------------------------------------------------------------------+
; Parameter Settings for User Entity Instance: Top-level Entity: |TimerController ;
+-------------------+-------+-----------------------------------------------------+
; Parameter Name    ; Value ; Type                                                ;
+-------------------+-------+-----------------------------------------------------+
; RESET_STATE       ; 000   ; Unsigned Binary                                     ;
; SET_SECONDS_STATE ; 001   ; Unsigned Binary                                     ;
; SET_MINUTES_STATE ; 010   ; Unsigned Binary                                     ;
; RUNNING_STATE     ; 011   ; Unsigned Binary                                     ;
; NOT_RUNNING_STATE ; 100   ; Unsigned Binary                                     ;
; LEDR_ON_STATE     ; 101   ; Unsigned Binary                                     ;
; LEDR_OFF_STATE    ; 110   ; Unsigned Binary                                     ;
+-------------------+-------+-----------------------------------------------------+
Note: In order to hide this table in the UI and the text report file, please set the "Show Parameter Settings in Synthesis Report" option in "Analysis and Synthesis Settings -> More Settings" to "Off".


+-------------------------------+
; Elapsed Time Per Partition    ;
+----------------+--------------+
; Partition Name ; Elapsed Time ;
+----------------+--------------+
; Top            ; 00:00:00     ;
+----------------+--------------+


+-------------------------------+
; Analysis & Synthesis Messages ;
+-------------------------------+
Info: *******************************************************************
Info: Running Quartus II 32-bit Analysis & Synthesis
    Info: Version 13.0.1 Build 232 06/12/2013 Service Pack 1 SJ Web Edition
    Info: Processing started: Sat Sep 27 09:42:32 2014
Info: Command: quartus_map --read_settings_files=on --write_settings_files=off Timer -c Timer
Warning (20028): Parallel compilation is not licensed and has been disabled
Info (12021): Found 3 design units, including 3 entities, in source file timercontroller.v
    Info (12023): Found entity 1: TimerController
    Info (12023): Found entity 2: TFlipFlop
    Info (12023): Found entity 3: dec2_7seg
Warning (10236): Verilog HDL Implicit Net warning at TimerController.v(27): created implicit net for "pressed_key_one"
Warning (10236): Verilog HDL Implicit Net warning at TimerController.v(28): created implicit net for "pressed_key_two"
Info (12127): Elaborating entity "TimerController" for the top level hierarchy
Warning (10230): Verilog HDL assignment warning at TimerController.v(74): truncated value with size 10 to match size of target (4)
Warning (10230): Verilog HDL assignment warning at TimerController.v(80): truncated value with size 10 to match size of target (4)
Warning (10230): Verilog HDL assignment warning at TimerController.v(95): truncated value with size 10 to match size of target (4)
Warning (10230): Verilog HDL assignment warning at TimerController.v(101): truncated value with size 10 to match size of target (4)
Warning (10230): Verilog HDL assignment warning at TimerController.v(125): truncated value with size 32 to match size of target (4)
Warning (10230): Verilog HDL assignment warning at TimerController.v(128): truncated value with size 32 to match size of target (4)
Warning (10230): Verilog HDL assignment warning at TimerController.v(131): truncated value with size 32 to match size of target (4)
Warning (10230): Verilog HDL assignment warning at TimerController.v(134): truncated value with size 32 to match size of target (4)
Warning (10034): Output port "LEDG[7..3]" at TimerController.v(12) has no driver
Info (12128): Elaborating entity "TFlipFlop" for hierarchy "TFlipFlop:move_to_minutes"
Info (12128): Elaborating entity "dec2_7seg" for hierarchy "dec2_7seg:u3"
Warning (13024): Output pins are stuck at VCC or GND
    Warning (13410): Pin "LEDG[3]" is stuck at GND
    Warning (13410): Pin "LEDG[4]" is stuck at GND
    Warning (13410): Pin "LEDG[5]" is stuck at GND
    Warning (13410): Pin "LEDG[6]" is stuck at GND
    Warning (13410): Pin "LEDG[7]" is stuck at GND
Info (144001): Generated suppressed messages file D:/projects/Timer/output_files/Timer.map.smsg
Info (16010): Generating hard_block partition "hard_block:auto_generated_inst"
    Info (16011): Adding 0 node(s), including 0 DDIO, 0 PLL, 0 transceiver and 0 LCELL
Warning (21074): Design contains 3 input pin(s) that do not drive logic
    Warning (15610): No output dependent on input pin "SW[8]"
    Warning (15610): No output dependent on input pin "SW[9]"
    Warning (15610): No output dependent on input pin "KEY[3]"
Info (21057): Implemented 235 device resources after synthesis - the final resource count might be different
    Info (21058): Implemented 15 input pins
    Info (21059): Implemented 46 output pins
    Info (21061): Implemented 174 logic cells
Info: Quartus II 32-bit Analysis & Synthesis was successful. 0 errors, 22 warnings
    Info: Peak virtual memory: 335 megabytes
    Info: Processing ended: Sat Sep 27 09:42:34 2014
    Info: Elapsed time: 00:00:02
    Info: Total CPU time (on all processors): 00:00:02


+------------------------------------------+
; Analysis & Synthesis Suppressed Messages ;
+------------------------------------------+
The suppressed messages can be found in D:/projects/Timer/output_files/Timer.map.smsg.


